<?xml version="1.0" encoding="UTF-8"?>
<testng-results ignored="0" total="1" passed="1" failed="0" skipped="0">
  <reporter-output>
  </reporter-output>
  <suite started-at="2022-06-14T13:34:29 IST" name="flipkart" finished-at="2022-06-14T13:34:54 IST" duration-ms="25428">
    <groups>
    </groups>
    <test started-at="2022-06-14T13:34:29 IST" name="Ipad search" finished-at="2022-06-14T13:34:54 IST" duration-ms="25428">
      <class name="qa.tests.SearchItem">
        <test-method is-config="true" signature="launchDriver(java.lang.String,java.lang.String)[pri:0, instance:qa.tests.SearchItem@15eb5ee5]" started-at="2022-06-14T13:34:29 IST" name="launchDriver" finished-at="2022-06-14T13:34:38 IST" duration-ms="8605" status="PASS">
          <params>
            <param index="0">
              <value>
                <![CDATA[chrome]]>
              </value>
            </param>
            <param index="1">
              <value>
                <![CDATA[https://www.flipkart.com/]]>
              </value>
            </param>
          </params>
          <reporter-output>
          </reporter-output>
        </test-method> <!-- launchDriver -->
        <test-method signature="searchIpad()[pri:0, instance:qa.tests.SearchItem@15eb5ee5]" started-at="2022-06-14T13:34:38 IST" name="searchIpad" finished-at="2022-06-14T13:34:50 IST" duration-ms="12444" status="PASS">
          <reporter-output>
          </reporter-output>
        </test-method> <!-- searchIpad -->
        <test-method is-config="true" signature="closeBrowser()[pri:0, instance:qa.tests.SearchItem@15eb5ee5]" started-at="2022-06-14T13:34:50 IST" name="closeBrowser" finished-at="2022-06-14T13:34:54 IST" duration-ms="4300" status="PASS">
          <reporter-output>
          </reporter-output>
        </test-method> <!-- closeBrowser -->
      </class> <!-- qa.tests.SearchItem -->
    </test> <!-- Ipad search -->
  </suite> <!-- flipkart -->
</testng-results>
